Using pre-set license
Built from '2020.3/staging' branch; Version is '2020.3.5f1 (8095aa901b9b) revision 8426922'; Using compiler version '192528614'; Build Type 'Release'
OS: 'Windows 10 Pro; OS build 19043.1348; Version 2009; 64bit' Language: 'en' Physical Memory: 7887 MB
BatchMode: 1, IsHumanControllingUs: 0, StartBugReporterOnCrash: 0, Is64bit: 1, IsPro: 0

 COMMAND LINE ARGUMENTS:
C:\Program Files\Unity\Editor\Unity.exe
-adb2
-batchMode
-noUpm
-name
AssetImportWorker0
-projectPath
C:/Users/sofis/Pictures/Sofia/Jogos/UnityTest/New Unity Project
-logFile
Logs/AssetImportWorker0.log
-srvPort
59841
Successfully changed project path to: C:/Users/sofis/Pictures/Sofia/Jogos/UnityTest/New Unity Project
C:/Users/sofis/Pictures/Sofia/Jogos/UnityTest/New Unity Project
Using Asset Import Pipeline V2.
Refreshing native plugins compatible for Editor in 74.49 ms, found 1 plugins.
Preloading 0 native plugins for Editor in 0.00 ms.
Initialize engine version: 2020.3.5f1 (8095aa901b9b)
[Subsystems] Discovering subsystems at path C:/Program Files/Unity/Editor/Data/Resources/UnitySubsystems
[Subsystems] Discovering subsystems at path C:/Users/sofis/Pictures/Sofia/Jogos/UnityTest/New Unity Project/Assets
GfxDevice: creating device client; threaded=0
Direct3D:
    Version:  Direct3D 11.0 [level 11.0]
    Renderer: Intel(R) HD Graphics 4000 (ID=0x166)
    Vendor:   
    VRAM:     128 MB
    Driver:   10.18.10.4425
Initialize mono
Mono path[0] = 'C:/Program Files/Unity/Editor/Data/Managed'
Mono path[1] = 'C:/Program Files/Unity/Editor/Data/MonoBleedingEdge/lib/mono/unityjit'
Mono config path = 'C:/Program Files/Unity/Editor/Data/MonoBleedingEdge/etc'
Using monoOptions --debugger-agent=transport=dt_socket,embedding=1,server=y,suspend=n,address=127.0.0.1:56740
Begin MonoManager ReloadAssembly
Registering precompiled unity dll's ...
Register platform support module: C:/Program Files/Unity/Editor/Data/PlaybackEngines/WindowsStandaloneSupport/UnityEditor.WindowsStandalone.Extensions.dll
Registered in 0.004509 seconds.
Native extension for WindowsStandalone target not found
Refreshing native plugins compatible for Editor in 67.60 ms, found 1 plugins.
Preloading 0 native plugins for Editor in 0.00 ms.
Mono: successfully reloaded assembly
- Completed reload, in  1.944 seconds
Platform modules already initialized, skipping
Registering precompiled user dll's ...
Registered in 0.002026 seconds.
Begin MonoManager ReloadAssembly
Native extension for WindowsStandalone target not found
Refreshing native plugins compatible for Editor in 65.63 ms, found 1 plugins.
Preloading 0 native plugins for Editor in 0.00 ms.
Mono: successfully reloaded assembly
- Completed reload, in  1.660 seconds
Platform modules already initialized, skipping
========================================================================
Worker process is ready to serve import requests
Launched and connected shader compiler UnityShaderCompiler.exe after 0.24 seconds
Refreshing native plugins compatible for Editor in 0.86 ms, found 1 plugins.
Preloading 0 native plugins for Editor in 0.00 ms.
Unloading 1814 Unused Serialized files (Serialized files now loaded: 0)
System memory in use before: 85.1 MB.
System memory in use after: 85.1 MB.

Unloading 24 unused Assets to reduce memory usage. Loaded Objects now: 2258.
Total: 3.795600 ms (FindLiveObjects: 0.337000 ms CreateObjectMapping: 0.303300 ms MarkObjects: 2.955500 ms  DeleteObjects: 0.197000 ms)

========================================================================
Received Import Request.
  path: Assets/Prefabs/Checkpoint.prefab
  artifactKey: Guid(adb5cbbdc729e1644bdb9ededcf6e048) Importer(815301076,1909f56bfc062723c751e8b465ee728b)
Start importing Assets/Prefabs/Checkpoint.prefab using Guid(adb5cbbdc729e1644bdb9ededcf6e048) Importer(815301076,1909f56bfc062723c751e8b465ee728b)  -> (artifact id: 'f621a87ebc7ab810cf4e47dcd33d6262') in 0.259743 seconds
  Import took 0.270144 seconds .

========================================================================
Received Import Request.
  Time since last request: 0.000576 seconds.
  path: Assets/Prefabs/Fruit.prefab
  artifactKey: Guid(7f7eb89d89d228a4f9bc9175f5c50534) Importer(815301076,1909f56bfc062723c751e8b465ee728b)
Start importing Assets/Prefabs/Fruit.prefab using Guid(7f7eb89d89d228a4f9bc9175f5c50534) Importer(815301076,1909f56bfc062723c751e8b465ee728b)  -> (artifact id: 'a0069ef7b84cde087b9e35259f39fcba') in 0.057216 seconds
  Import took 0.063946 seconds .

========================================================================
Received Import Request.
  Time since last request: 0.784371 seconds.
  path: Assets/Pixel Adventure 1/Assets/Main Characters/Ninja Frog
  artifactKey: Guid(04d5c6ab2c80a0049a258594f321bde4) Importer(815301076,1909f56bfc062723c751e8b465ee728b)
Start importing Assets/Pixel Adventure 1/Assets/Main Characters/Ninja Frog using Guid(04d5c6ab2c80a0049a258594f321bde4) Importer(815301076,1909f56bfc062723c751e8b465ee728b)  -> (artifact id: '29a24a3d96ada4eabcc5d382bc713565') in 0.019918 seconds
  Import took 0.026768 seconds .

========================================================================
Received Import Request.
  Time since last request: 0.015246 seconds.
  path: Assets/Pixel Adventure 1/Assets/Main Characters/Ninja Frog
  artifactKey: Guid(04d5c6ab2c80a0049a258594f321bde4) Importer(815301076,1909f56bfc062723c751e8b465ee728b)
Start importing Assets/Pixel Adventure 1/Assets/Main Characters/Ninja Frog using Guid(04d5c6ab2c80a0049a258594f321bde4) Importer(815301076,1909f56bfc062723c751e8b465ee728b)  -> (artifact id: '29a24a3d96ada4eabcc5d382bc713565') in 0.008368 seconds
  Import took 0.016290 seconds .

========================================================================
Received Import Request.
  Time since last request: 0.029347 seconds.
  path: Assets/Pixel Adventure 1/Assets/Main Characters/Ninja Frog/Double Jump (32x32).png
  artifactKey: Guid(4099f676255555240b5240f897805dce) Importer(815301076,1909f56bfc062723c751e8b465ee728b)
Start importing Assets/Pixel Adventure 1/Assets/Main Characters/Ninja Frog/Double Jump (32x32).png using Guid(4099f676255555240b5240f897805dce) Importer(815301076,1909f56bfc062723c751e8b465ee728b)  -> (artifact id: '95bab815999813cfb0d2dba877ae00ba') in 0.185945 seconds
  Import took 0.193051 seconds .

========================================================================
Received Import Request.
  Time since last request: 0.000420 seconds.
  path: Assets/Pixel Adventure 1/Assets/Main Characters/Ninja Frog/Run (32x32).png
  artifactKey: Guid(e362bc6a7c79fce4db16d145d43a5550) Importer(815301076,1909f56bfc062723c751e8b465ee728b)
Start importing Assets/Pixel Adventure 1/Assets/Main Characters/Ninja Frog/Run (32x32).png using Guid(e362bc6a7c79fce4db16d145d43a5550) Importer(815301076,1909f56bfc062723c751e8b465ee728b)  -> (artifact id: '142e530e38bbe2c2b2d97f8fa9973093') in 0.074935 seconds
  Import took 0.082432 seconds .

========================================================================
Received Import Request.
  Time since last request: 0.000416 seconds.
  path: Assets/Pixel Adventure 1/Assets/Main Characters/Ninja Frog/Hit (32x32).png
  artifactKey: Guid(18a451ae5d817e04bbf3101eaed9466e) Importer(815301076,1909f56bfc062723c751e8b465ee728b)
Start importing Assets/Pixel Adventure 1/Assets/Main Characters/Ninja Frog/Hit (32x32).png using Guid(18a451ae5d817e04bbf3101eaed9466e) Importer(815301076,1909f56bfc062723c751e8b465ee728b)  -> (artifact id: '108a32f419166089ff5273e676d0466d') in 0.061400 seconds
  Import took 0.068466 seconds .

========================================================================
Received Import Request.
  Time since last request: 0.000318 seconds.
  path: Assets/Pixel Adventure 1/Assets/Main Characters/Ninja Frog/Jump (32x32).png
  artifactKey: Guid(4872bd1108769a946a6acb68dc156fcf) Importer(815301076,1909f56bfc062723c751e8b465ee728b)
Start importing Assets/Pixel Adventure 1/Assets/Main Characters/Ninja Frog/Jump (32x32).png using Guid(4872bd1108769a946a6acb68dc156fcf) Importer(815301076,1909f56bfc062723c751e8b465ee728b)  -> (artifact id: '6f9a11c8fc5c172d181644aa4a1a5b64') in 0.038473 seconds
  Import took 0.046819 seconds .

========================================================================
Received Import Request.
  Time since last request: 0.000542 seconds.
  path: Assets/Pixel Adventure 1/Assets/Main Characters/Ninja Frog/Wall Jump (32x32).png
  artifactKey: Guid(3b332af1e6c55e94f8e5eb08fb4ab06b) Importer(815301076,1909f56bfc062723c751e8b465ee728b)
Start importing Assets/Pixel Adventure 1/Assets/Main Characters/Ninja Frog/Wall Jump (32x32).png using Guid(3b332af1e6c55e94f8e5eb08fb4ab06b) Importer(815301076,1909f56bfc062723c751e8b465ee728b)  -> (artifact id: 'a1cfc8c9124728487c6b48069320edde') in 0.053542 seconds
  Import took 0.060628 seconds .

========================================================================
Received Import Request.
  Time since last request: 0.000321 seconds.
  path: Assets/Pixel Adventure 1/Assets/Main Characters/Ninja Frog/Fall (32x32).png
  artifactKey: Guid(b6d14bcb8d9dbb349beb9d3619096732) Importer(815301076,1909f56bfc062723c751e8b465ee728b)
Start importing Assets/Pixel Adventure 1/Assets/Main Characters/Ninja Frog/Fall (32x32).png using Guid(b6d14bcb8d9dbb349beb9d3619096732) Importer(815301076,1909f56bfc062723c751e8b465ee728b)  -> (artifact id: 'b0866c2fc3e4d4c44db6bbb10ffe9fa3') in 0.053310 seconds
  Import took 0.060789 seconds .

========================================================================
Received Import Request.
  Time since last request: 0.000686 seconds.
  path: Assets/Pixel Adventure 1/Assets/Main Characters/Ninja Frog/Idle (32x32).png
  artifactKey: Guid(cd947491a13509945aa1b644f9db3ef2) Importer(815301076,1909f56bfc062723c751e8b465ee728b)
Start importing Assets/Pixel Adventure 1/Assets/Main Characters/Ninja Frog/Idle (32x32).png using Guid(cd947491a13509945aa1b644f9db3ef2) Importer(815301076,1909f56bfc062723c751e8b465ee728b)  -> (artifact id: '01ec12def654893dc63cc5a4966fb5d6') in 0.085202 seconds
  Import took 0.091868 seconds .

========================================================================
Received Import Request.
  Time since last request: 0.000326 seconds.
  path: Assets/Pixel Adventure 1/Assets/Main Characters/Ninja Frog/Fall (32x32).png
  artifactKey: Guid(b6d14bcb8d9dbb349beb9d3619096732) Importer(815301076,1909f56bfc062723c751e8b465ee728b)
Start importing Assets/Pixel Adventure 1/Assets/Main Characters/Ninja Frog/Fall (32x32).png using Guid(b6d14bcb8d9dbb349beb9d3619096732) Importer(815301076,1909f56bfc062723c751e8b465ee728b)  -> (artifact id: 'b0866c2fc3e4d4c44db6bbb10ffe9fa3') in 0.019160 seconds
  Import took 0.026217 seconds .

========================================================================
Received Import Request.
  Time since last request: 5.363214 seconds.
  path: Assets/Pixel Adventure 1/Assets/Main Characters/Pink Man
  artifactKey: Guid(42afdc0a1bbe6314b8aa6b3431e802ee) Importer(815301076,1909f56bfc062723c751e8b465ee728b)
Start importing Assets/Pixel Adventure 1/Assets/Main Characters/Pink Man using Guid(42afdc0a1bbe6314b8aa6b3431e802ee) Importer(815301076,1909f56bfc062723c751e8b465ee728b)  -> (artifact id: '4ad7c2e05f699748b8e1c80aa6cfd012') in 0.016012 seconds
  Import took 0.022573 seconds .

========================================================================
Received Import Request.
  Time since last request: 3.990381 seconds.
  path: Assets/Pixel Adventure 1/Assets/Main Characters/Virtual Guy
  artifactKey: Guid(5ef42789be2506f4893c4622d915911d) Importer(815301076,1909f56bfc062723c751e8b465ee728b)
Start importing Assets/Pixel Adventure 1/Assets/Main Characters/Virtual Guy using Guid(5ef42789be2506f4893c4622d915911d) Importer(815301076,1909f56bfc062723c751e8b465ee728b)  -> (artifact id: '0d90a7feda3e2009538166b5ab4fe6aa') in 0.020451 seconds
  Import took 0.026297 seconds .

========================================================================
Received Import Request.
  Time since last request: 14.892911 seconds.
  path: Assets/Pixel Adventure 1/Assets/Main Characters/Pink Man/Double Jump (32x32).png
  artifactKey: Guid(5fd9f3ec1e3e0bc4d8e308e10012a36a) Importer(815301076,1909f56bfc062723c751e8b465ee728b)
Start importing Assets/Pixel Adventure 1/Assets/Main Characters/Pink Man/Double Jump (32x32).png using Guid(5fd9f3ec1e3e0bc4d8e308e10012a36a) Importer(815301076,1909f56bfc062723c751e8b465ee728b)  -> (artifact id: '1784ac014164dd50932c9ac91b8a081b') in 0.041983 seconds
  Import took 0.050623 seconds .

========================================================================
Received Import Request.
  Time since last request: 5.278760 seconds.
  path: Assets/Pixel Adventure 1/Assets/Main Characters/Pink Man/Fall (32x32).png
  artifactKey: Guid(1a6feec238b9a99499082bb755fa32df) Importer(815301076,1909f56bfc062723c751e8b465ee728b)
Start importing Assets/Pixel Adventure 1/Assets/Main Characters/Pink Man/Fall (32x32).png using Guid(1a6feec238b9a99499082bb755fa32df) Importer(815301076,1909f56bfc062723c751e8b465ee728b)  -> (artifact id: 'd8f685c262a556f941b29d0dec3a7b14') in 0.023831 seconds
  Import took 0.029531 seconds .

========================================================================
Received Import Request.
  Time since last request: 4.600327 seconds.
  path: Assets/Pixel Adventure 1/Assets/Main Characters/Pink Man/Hit (32x32).png
  artifactKey: Guid(9b0499fd3a0892046926ed19c78cfea3) Importer(815301076,1909f56bfc062723c751e8b465ee728b)
Start importing Assets/Pixel Adventure 1/Assets/Main Characters/Pink Man/Hit (32x32).png using Guid(9b0499fd3a0892046926ed19c78cfea3) Importer(815301076,1909f56bfc062723c751e8b465ee728b)  -> (artifact id: '2adaa2b09aef6119e107fb3f1f977740') in 0.047149 seconds
  Import took 0.054697 seconds .

========================================================================
Received Import Request.
  Time since last request: 5.229040 seconds.
  path: Assets/Pixel Adventure 1/Assets/Main Characters/Pink Man/Idle (32x32).png
  artifactKey: Guid(d348dff3819df794186a80cb95777629) Importer(815301076,1909f56bfc062723c751e8b465ee728b)
Start importing Assets/Pixel Adventure 1/Assets/Main Characters/Pink Man/Idle (32x32).png using Guid(d348dff3819df794186a80cb95777629) Importer(815301076,1909f56bfc062723c751e8b465ee728b)  -> (artifact id: '821819ba51a311a4211b221dfc3380ca') in 0.068540 seconds
  Import took 0.077624 seconds .

========================================================================
Received Import Request.
  Time since last request: 4.342540 seconds.
  path: Assets/Pixel Adventure 1/Assets/Main Characters/Pink Man/Jump (32x32).png
  artifactKey: Guid(edbf2f282f3feb940b6238d4d339ada4) Importer(815301076,1909f56bfc062723c751e8b465ee728b)
Start importing Assets/Pixel Adventure 1/Assets/Main Characters/Pink Man/Jump (32x32).png using Guid(edbf2f282f3feb940b6238d4d339ada4) Importer(815301076,1909f56bfc062723c751e8b465ee728b)  -> (artifact id: '83fb5c6b065e253c4ff2efd08705549c') in 0.024013 seconds
  Import took 0.032025 seconds .

========================================================================
Received Import Request.
  Time since last request: 4.316959 seconds.
  path: Assets/Pixel Adventure 1/Assets/Main Characters/Pink Man/Run (32x32).png
  artifactKey: Guid(cdb0cc8ca9aac2a4d84c6aa3c1cbf52b) Importer(815301076,1909f56bfc062723c751e8b465ee728b)
Start importing Assets/Pixel Adventure 1/Assets/Main Characters/Pink Man/Run (32x32).png using Guid(cdb0cc8ca9aac2a4d84c6aa3c1cbf52b) Importer(815301076,1909f56bfc062723c751e8b465ee728b)  -> (artifact id: 'b17aa2212743e4ae83a34a7e479e1050') in 0.073092 seconds
  Import took 0.081965 seconds .

========================================================================
Received Import Request.
  Time since last request: 4.675406 seconds.
  path: Assets/Pixel Adventure 1/Assets/Main Characters/Pink Man/Wall Jump (32x32).png
  artifactKey: Guid(603abb83490921841976d0f1b2045f23) Importer(815301076,1909f56bfc062723c751e8b465ee728b)
Start importing Assets/Pixel Adventure 1/Assets/Main Characters/Pink Man/Wall Jump (32x32).png using Guid(603abb83490921841976d0f1b2045f23) Importer(815301076,1909f56bfc062723c751e8b465ee728b)  -> (artifact id: '343f9c300938449d4c90852f6aba60b3') in 0.089826 seconds
  Import took 0.095802 seconds .

========================================================================
Received Import Request.
  Time since last request: 36.747889 seconds.
  path: Assets/Prefabs/Player Variant.prefab
  artifactKey: Guid(f51f774311f9ad44586d502707c01637) Importer(815301076,1909f56bfc062723c751e8b465ee728b)
Start importing Assets/Prefabs/Player Variant.prefab using Guid(f51f774311f9ad44586d502707c01637) Importer(815301076,1909f56bfc062723c751e8b465ee728b)  -> (artifact id: '10f3959c2ea3ed8261f3e9d6a631d39e') in 0.042537 seconds
  Import took 0.048844 seconds .

========================================================================
Received Import Request.
  Time since last request: 0.002240 seconds.
  path: Assets/Prefabs/Player Variant.prefab
  artifactKey: Guid(f51f774311f9ad44586d502707c01637) Importer(815301076,1909f56bfc062723c751e8b465ee728b)
Start importing Assets/Prefabs/Player Variant.prefab using Guid(f51f774311f9ad44586d502707c01637) Importer(815301076,1909f56bfc062723c751e8b465ee728b)  -> (artifact id: '10f3959c2ea3ed8261f3e9d6a631d39e') in 0.029692 seconds
  Import took 0.036661 seconds .

========================================================================
Received Import Request.
  Time since last request: 8.074674 seconds.
  path: Assets/Prefabs/Player Variant.prefab
  artifactKey: Guid(f51f774311f9ad44586d502707c01637) Importer(815301076,1909f56bfc062723c751e8b465ee728b)
Start importing Assets/Prefabs/Player Variant.prefab using Guid(f51f774311f9ad44586d502707c01637) Importer(815301076,1909f56bfc062723c751e8b465ee728b)  -> (artifact id: '5fa39fb65a73926efa212ba338d58e63') in 0.070930 seconds
  Import took 0.078371 seconds .

========================================================================
Received Import Request.
  Time since last request: 0.000521 seconds.
  path: Assets/Prefabs/PlayerOrange.prefab
  artifactKey: Guid(e98e8a0643b0df043b0842d12971c8f8) Importer(815301076,1909f56bfc062723c751e8b465ee728b)
Start importing Assets/Prefabs/PlayerOrange.prefab using Guid(e98e8a0643b0df043b0842d12971c8f8) Importer(815301076,1909f56bfc062723c751e8b465ee728b)  -> (artifact id: 'dd7b7689cf22bb0480ad8a09789bcf56') in 0.037210 seconds
  Import took 0.044978 seconds .

========================================================================
Received Import Request.
  Time since last request: 8.323630 seconds.
  path: Assets/Prefabs/PlayerPink.prefab
  artifactKey: Guid(f51f774311f9ad44586d502707c01637) Importer(815301076,1909f56bfc062723c751e8b465ee728b)
Start importing Assets/Prefabs/PlayerPink.prefab using Guid(f51f774311f9ad44586d502707c01637) Importer(815301076,1909f56bfc062723c751e8b465ee728b)  -> (artifact id: '77fd585a8a51c04e1d9db2d796778d53') in 0.044767 seconds
  Import took 0.056488 seconds .

========================================================================
Received Import Request.
  Time since last request: 276.188509 seconds.
  path: Assets/Prefabs/PlayerPink.prefab
  artifactKey: Guid(f51f774311f9ad44586d502707c01637) Importer(815301076,1909f56bfc062723c751e8b465ee728b)
Start importing Assets/Prefabs/PlayerPink.prefab using Guid(f51f774311f9ad44586d502707c01637) Importer(815301076,1909f56bfc062723c751e8b465ee728b)  -> (artifact id: '791a2cdfb754cd50b0a9e5568245733d') in 0.035763 seconds
  Import took 0.043589 seconds .

========================================================================
Received Prepare
Registering precompiled user dll's ...
Registered in 0.002747 seconds.
Begin MonoManager ReloadAssembly
Native extension for WindowsStandalone target not found
Refreshing native plugins compatible for Editor in 0.55 ms, found 1 plugins.
Preloading 0 native plugins for Editor in 0.00 ms.
Mono: successfully reloaded assembly
- Completed reload, in  1.580 seconds
Platform modules already initialized, skipping
Refreshing native plugins compatible for Editor in 1.42 ms, found 1 plugins.
Preloading 0 native plugins for Editor in 0.00 ms.
Unloading 1809 Unused Serialized files (Serialized files now loaded: 0)
System memory in use before: 88.3 MB.
System memory in use after: 88.3 MB.

Unloading 12 unused Assets to reduce memory usage. Loaded Objects now: 2277.
Total: 3.626500 ms (FindLiveObjects: 0.316900 ms CreateObjectMapping: 0.208200 ms MarkObjects: 2.925300 ms  DeleteObjects: 0.173300 ms)

========================================================================
Received Prepare
Registering precompiled user dll's ...
Registered in 0.001824 seconds.
Begin MonoManager ReloadAssembly
Native extension for WindowsStandalone target not found
Refreshing native plugins compatible for Editor in 0.85 ms, found 1 plugins.
Preloading 0 native plugins for Editor in 0.00 ms.
Mono: successfully reloaded assembly
- Completed reload, in  1.923 seconds
Platform modules already initialized, skipping
Refreshing native plugins compatible for Editor in 1.42 ms, found 1 plugins.
Preloading 0 native plugins for Editor in 0.00 ms.
Unloading 1809 Unused Serialized files (Serialized files now loaded: 0)
System memory in use before: 88.4 MB.
System memory in use after: 88.3 MB.

Unloading 12 unused Assets to reduce memory usage. Loaded Objects now: 2281.
Total: 3.472700 ms (FindLiveObjects: 0.419200 ms CreateObjectMapping: 0.167100 ms MarkObjects: 2.718000 ms  DeleteObjects: 0.165200 ms)

========================================================================
Received Prepare
Registering precompiled user dll's ...
Registered in 0.002384 seconds.
Begin MonoManager ReloadAssembly
Native extension for WindowsStandalone target not found
Refreshing native plugins compatible for Editor in 0.55 ms, found 1 plugins.
Preloading 0 native plugins for Editor in 0.00 ms.
Mono: successfully reloaded assembly
- Completed reload, in  1.496 seconds
Platform modules already initialized, skipping
Refreshing native plugins compatible for Editor in 0.96 ms, found 1 plugins.
Preloading 0 native plugins for Editor in 0.00 ms.
Unloading 1809 Unused Serialized files (Serialized files now loaded: 0)
System memory in use before: 88.4 MB.
System memory in use after: 88.4 MB.

Unloading 12 unused Assets to reduce memory usage. Loaded Objects now: 2285.
Total: 3.157500 ms (FindLiveObjects: 0.305600 ms CreateObjectMapping: 0.213700 ms MarkObjects: 2.473100 ms  DeleteObjects: 0.163000 ms)

========================================================================
Received Import Request.
  Time since last request: 286.947280 seconds.
  path: Assets/Prefabs/PlayerOrange.prefab
  artifactKey: Guid(e98e8a0643b0df043b0842d12971c8f8) Importer(815301076,1909f56bfc062723c751e8b465ee728b)
Start importing Assets/Prefabs/PlayerOrange.prefab using Guid(e98e8a0643b0df043b0842d12971c8f8) Importer(815301076,1909f56bfc062723c751e8b465ee728b)  -> (artifact id: 'dab3309e2b9a6a693df91e6770f120db') in 0.152999 seconds
  Import took 0.161892 seconds .

AssetImportWorkerClient::OnTransportError - code=2 error=End of file
